<?xml version="1.0" encoding="UTF-8"?>
<testng-results skipped="0" failed="0" total="2" passed="2">
  <reporter-output>
  </reporter-output>
  <suite name="Surefire suite" duration-ms="5106" started-at="2020-07-16T02:40:58Z" finished-at="2020-07-16T02:41:03Z">
    <groups>
    </groups>
    <test name="Surefire test" duration-ms="5106" started-at="2020-07-16T02:40:58Z" finished-at="2020-07-16T02:41:03Z">
      <class name="mavendemo.XYZTest">
        <test-method status="PASS" signature="launchurl()[pri:0, instance:mavendemo.XYZTest@47f6473]" name="launchurl" is-config="true" duration-ms="1" started-at="2020-07-15T22:40:58Z" finished-at="2020-07-15T22:40:58Z">
          <reporter-output>
          </reporter-output>
        </test-method> <!-- launchurl -->
        <test-method status="PASS" signature="geturl()[pri:0, instance:mavendemo.XYZTest@47f6473]" name="geturl" duration-ms="5088" started-at="2020-07-15T22:40:58Z" finished-at="2020-07-15T22:41:03Z">
          <reporter-output>
          </reporter-output>
        </test-method> <!-- geturl -->
      </class> <!-- mavendemo.XYZTest -->
      <class name="mavendemo.abcTest">
        <test-method status="PASS" signature="method1()[pri:0, instance:mavendemo.abcTest@7225790e]" name="method1" duration-ms="5" started-at="2020-07-15T22:40:58Z" finished-at="2020-07-15T22:40:58Z">
          <reporter-output>
          </reporter-output>
        </test-method> <!-- method1 -->
      </class> <!-- mavendemo.abcTest -->
    </test> <!-- Surefire test -->
  </suite> <!-- Surefire suite -->
</testng-results>
