<?xml version="1.0" encoding="UTF-8"?>
<testng-results skipped="0" failed="0" ignored="0" total="1" passed="1">
  <reporter-output>
  </reporter-output>
  <suite name="Default suite" duration-ms="41" started-at="2020-07-12T15:21:32 EDT" finished-at="2020-07-12T15:21:32 EDT">
    <groups>
    </groups>
    <test name="Default test" duration-ms="41" started-at="2020-07-12T15:21:32 EDT" finished-at="2020-07-12T15:21:32 EDT">
      <class name="mavendemo.XYZTest">
        <test-method status="PASS" signature="method1()[pri:0, instance:mavendemo.XYZTest@3b084709]" name="method1" duration-ms="9" started-at="2020-07-12T15:21:32 EDT" finished-at="2020-07-12T15:21:32 EDT">
          <reporter-output>
          </reporter-output>
        </test-method> <!-- method1 -->
      </class> <!-- mavendemo.XYZTest -->
    </test> <!-- Default test -->
  </suite> <!-- Default suite -->
</testng-results>
